app/build/intermediates/manifest_merge_blame_file/debug/manifest-merger-blame-debug-report.txt
1<?xml version="1.0" encoding="utf-8"?>
2<manifest xmlns:android="http://schemas.android.com/apk/res/android"
3    package="com.example.gymmanagmentsystem"
4    android:versionCode="1"
5    android:versionName="1.0" >
6
7    <uses-sdk
8        android:minSdkVersion="27"
8-->src\main\AndroidManifest.xml
9        android:targetSdkVersion="29" />
9-->src\main\AndroidManifest.xml
10
11    <application
11-->src\main\AndroidManifest.xml:5:5-37:19
12        android:allowBackup="true"
12-->src\main\AndroidManifest.xml:6:9-35
13        android:appComponentFactory="androidx.core.app.CoreComponentFactory"
13-->[androidx.core:core:1.0.1] AndroidManifest.xml:22:18-86
14        android:debuggable="true"
15        android:icon="@mipmap/ic_launcher"
15-->src\main\AndroidManifest.xml:7:9-43
16        android:label="@string/app_name"
16-->src\main\AndroidManifest.xml:8:9-41
17        android:roundIcon="@mipmap/ic_launcher_round"
17-->src\main\AndroidManifest.xml:9:9-54
18        android:supportsRtl="true"
18-->src\main\AndroidManifest.xml:10:9-35
19        android:testOnly="true"
20        android:theme="@style/AppTheme" >
20-->src\main\AndroidManifest.xml:11:9-40
21        <activity
21-->src\main\AndroidManifest.xml:12:9-15:68
22            android:name="com.example.gymmanagmentsystem.RentEquipment"
22-->src\main\AndroidManifest.xml:13:13-42
23            android:label="@string/title_activity_rent_equipment"
23-->src\main\AndroidManifest.xml:14:13-66
24            android:theme="@style/AppTheme.NoActionBar" />
24-->src\main\AndroidManifest.xml:15:13-56
25        <activity android:name="com.example.gymmanagmentsystem.ViewEquipment" />
25-->src\main\AndroidManifest.xml:16:9-51
25-->src\main\AndroidManifest.xml:16:19-48
26        <activity android:name="com.example.gymmanagmentsystem.editAccount" />
26-->src\main\AndroidManifest.xml:17:9-49
26-->src\main\AndroidManifest.xml:17:19-46
27        <activity android:name="com.example.gymmanagmentsystem.viewAccount" />
27-->src\main\AndroidManifest.xml:18:9-49
27-->src\main\AndroidManifest.xml:18:19-46
28        <activity android:name="com.example.gymmanagmentsystem.signInView" />
28-->src\main\AndroidManifest.xml:19:9-48
28-->src\main\AndroidManifest.xml:19:19-45
29        <activity android:name="com.example.gymmanagmentsystem.SignUpView" />
29-->src\main\AndroidManifest.xml:20:9-48
29-->src\main\AndroidManifest.xml:20:19-45
30        <activity android:name="com.example.gymmanagmentsystem.TrainerViewSessionsView" />
30-->src\main\AndroidManifest.xml:21:9-61
30-->src\main\AndroidManifest.xml:21:19-58
31        <activity android:name="com.example.gymmanagmentsystem.ViewGymInfoView" />
31-->src\main\AndroidManifest.xml:22:9-53
31-->src\main\AndroidManifest.xml:22:19-50
32        <activity android:name="com.example.gymmanagmentsystem.TrainerViewSessionInfoView" />
32-->src\main\AndroidManifest.xml:23:9-64
32-->src\main\AndroidManifest.xml:23:19-61
33        <activity android:name="com.example.gymmanagmentsystem.MemberMainPageView" />
33-->src\main\AndroidManifest.xml:24:9-56
33-->src\main\AndroidManifest.xml:24:19-53
34        <activity android:name="com.example.gymmanagmentsystem.TrainerMainPageView" />
34-->src\main\AndroidManifest.xml:25:9-57
34-->src\main\AndroidManifest.xml:25:19-54
35        <activity android:name="com.example.gymmanagmentsystem.MainActivity" >
35-->src\main\AndroidManifest.xml:26:9-32:20
35-->src\main\AndroidManifest.xml:26:19-47
36            <intent-filter>
36-->src\main\AndroidManifest.xml:27:13-31:29
37                <action android:name="android.intent.action.MAIN" />
37-->src\main\AndroidManifest.xml:28:17-69
37-->src\main\AndroidManifest.xml:28:25-66
38
39                <category android:name="android.intent.category.LAUNCHER" />
39-->src\main\AndroidManifest.xml:30:17-77
39-->src\main\AndroidManifest.xml:30:27-74
40            </intent-filter>
41        </activity>
42
43        <meta-data
43-->src\main\AndroidManifest.xml:34:9-36:57
44            android:name="preloaded_fonts"
44-->src\main\AndroidManifest.xml:35:13-43
45            android:resource="@array/preloaded_fonts" />
45-->src\main\AndroidManifest.xml:36:13-54
46    </application>
47
48</manifest>